<?xml version="1.0" encoding="UTF-8"?>
<testng-results ignored="0" total="1" passed="1" failed="0" skipped="0">
  <reporter-output>
    <line>
      <![CDATA[Connected to the server succsessfully]]>
    </line>
    <line>
      <![CDATA[Connected to the DataBase succsessfully]]>
    </line>
    <line>
      <![CDATA[Launched the Browser succsessfully]]>
    </line>
    <line>
      <![CDATA[login succsessfully]]>
    </line>
    <line>
      <![CDATA[Login Link Clicked]]>
    </line>
    <line>
      <![CDATA[Successfully Logged in to DWS]]>
    </line>
    <line>
      <![CDATA[Successfully Logged out from DWS]]>
    </line>
    <line>
      <![CDATA[Logout succsessfully]]>
    </line>
    <line>
      <![CDATA[Closed the Browser succsessfully]]>
    </line>
    <line>
      <![CDATA[Disconnected the DataBase succsessfully]]>
    </line>
    <line>
      <![CDATA[Disconnected the server succsessfully]]>
    </line>
  </reporter-output>
  <suite started-at="2024-02-08T11:38:01 IST" name="Default suite" finished-at="2024-02-08T11:38:15 IST" duration-ms="14249">
    <groups>
    </groups>
    <test started-at="2024-02-08T11:38:01 IST" name="Default test" finished-at="2024-02-08T11:38:15 IST" duration-ms="14249">
      <class name="pageObjectModel.LoginPageTestCase">
        <test-method is-config="true" signature="connectServer()[pri:0, instance:pageObjectModel.LoginPageTestCase@1040be71]" started-at="2024-02-08T11:38:01 IST" name="connectServer" finished-at="2024-02-08T11:38:01 IST" duration-ms="20" status="PASS">
          <reporter-output>
            <line>
              <![CDATA[Connected to the server succsessfully]]>
            </line>
          </reporter-output>
        </test-method> <!-- connectServer -->
        <test-method is-config="true" signature="connectDB()[pri:0, instance:pageObjectModel.LoginPageTestCase@1040be71]" started-at="2024-02-08T11:38:01 IST" name="connectDB" finished-at="2024-02-08T11:38:01 IST" duration-ms="1" status="PASS">
          <reporter-output>
            <line>
              <![CDATA[Connected to the DataBase succsessfully]]>
            </line>
          </reporter-output>
        </test-method> <!-- connectDB -->
        <test-method is-config="true" signature="openBrowser()[pri:0, instance:pageObjectModel.LoginPageTestCase@1040be71]" started-at="2024-02-08T11:38:01 IST" name="openBrowser" finished-at="2024-02-08T11:38:10 IST" duration-ms="9740" status="PASS">
          <reporter-output>
            <line>
              <![CDATA[Launched the Browser succsessfully]]>
            </line>
          </reporter-output>
        </test-method> <!-- openBrowser -->
        <test-method is-config="true" signature="login()[pri:0, instance:pageObjectModel.LoginPageTestCase@1040be71]" started-at="2024-02-08T11:38:10 IST" name="login" finished-at="2024-02-08T11:38:10 IST" duration-ms="9" status="PASS">
          <reporter-output>
            <line>
              <![CDATA[login succsessfully]]>
            </line>
          </reporter-output>
        </test-method> <!-- login -->
        <test-method signature="testCase()[pri:0, instance:pageObjectModel.LoginPageTestCase@1040be71]" started-at="2024-02-08T11:38:10 IST" name="testCase" finished-at="2024-02-08T11:38:14 IST" duration-ms="4080" status="PASS">
          <reporter-output>
            <line>
              <![CDATA[Login Link Clicked]]>
            </line>
            <line>
              <![CDATA[Successfully Logged in to DWS]]>
            </line>
            <line>
              <![CDATA[Successfully Logged out from DWS]]>
            </line>
          </reporter-output>
        </test-method> <!-- testCase -->
        <test-method is-config="true" signature="logOut()[pri:0, instance:pageObjectModel.LoginPageTestCase@1040be71]" started-at="2024-02-08T11:38:14 IST" name="logOut" finished-at="2024-02-08T11:38:14 IST" duration-ms="0" status="PASS">
          <reporter-output>
            <line>
              <![CDATA[Logout succsessfully]]>
            </line>
          </reporter-output>
        </test-method> <!-- logOut -->
        <test-method is-config="true" signature="closeBrowser()[pri:0, instance:pageObjectModel.LoginPageTestCase@1040be71]" started-at="2024-02-08T11:38:14 IST" name="closeBrowser" finished-at="2024-02-08T11:38:15 IST" duration-ms="325" status="PASS">
          <reporter-output>
            <line>
              <![CDATA[Closed the Browser succsessfully]]>
            </line>
          </reporter-output>
        </test-method> <!-- closeBrowser -->
        <test-method is-config="true" signature="disconnectDB()[pri:0, instance:pageObjectModel.LoginPageTestCase@1040be71]" started-at="2024-02-08T11:38:15 IST" name="disconnectDB" finished-at="2024-02-08T11:38:15 IST" duration-ms="0" status="PASS">
          <reporter-output>
            <line>
              <![CDATA[Disconnected the DataBase succsessfully]]>
            </line>
          </reporter-output>
        </test-method> <!-- disconnectDB -->
        <test-method is-config="true" signature="disconnectServer()[pri:0, instance:pageObjectModel.LoginPageTestCase@1040be71]" started-at="2024-02-08T11:38:15 IST" name="disconnectServer" finished-at="2024-02-08T11:38:15 IST" duration-ms="0" status="PASS">
          <reporter-output>
            <line>
              <![CDATA[Disconnected the server succsessfully]]>
            </line>
          </reporter-output>
        </test-method> <!-- disconnectServer -->
      </class> <!-- pageObjectModel.LoginPageTestCase -->
    </test> <!-- Default test -->
  </suite> <!-- Default suite -->
</testng-results>
